VirtualBox XPCOM Server 5.2.10_Ubuntu r121806 linux.amd64 (Apr 26 2018 08:49:04) release log
00:00:00.000215 main     Log opened 2018-05-02T15:04:00.194294000Z
00:00:00.000218 main     Build Type: release
00:00:00.000221 main     OS Product: Linux
00:00:00.000222 main     OS Release: 4.15.0-20-generic
00:00:00.000222 main     OS Version: #21-Ubuntu SMP Tue Apr 24 06:16:15 UTC 2018
00:00:00.000245 main     DMI Product Name: 20266
00:00:00.000252 main     DMI Product Version: Lenovo Yoga 2 Pro
00:00:00.000342 main     Host RAM: 7886MB (7.7GB) total, 5908MB (5.7GB) available
00:00:00.000346 main     Executable: /usr/lib/virtualbox/VBoxSVC
00:00:00.000347 main     Process ID: 11554
00:00:00.000348 main     Package type: LINUX_64BITS_GENERIC (OSE)
00:00:00.002340 main     IPC socket path: /tmp/.vbox-adam-ipc/ipcd
00:00:00.107279 nspr-2   VirtualBox: object creation starts
00:00:00.107414 nspr-2   Home directory: '/home/adam/.config/VirtualBox'
00:00:00.111028 nspr-2   NetIfAdpCtlOut: VBoxNetAdpCtl: Error while retrieving link speed for wlp1s0: VBoxNetAdpCtl: ioctl failed: Operation not supported
00:00:00.111508 nspr-2   NAT: resolv.conf: nameserver 127.0.0.53
00:00:00.111526 nspr-2   HostDnsMonitor: old information
00:00:00.111530 nspr-2     no server entries
00:00:00.111534 nspr-2     no domain set
00:00:00.111537 nspr-2     no search string entries
00:00:00.111541 nspr-2   HostDnsMonitor: new information
00:00:00.111544 nspr-2     server 1: 127.0.0.53
00:00:00.111548 nspr-2     no domain set
00:00:00.111551 nspr-2     no search string entries
00:00:00.111556 nspr-2   HostDnsMonitorProxy::notify
00:00:00.113656 nspr-2   Failed to open "/dev/vboxdrvu", errno=13, rc=VERR_VM_DRIVER_NOT_ACCESSIBLE
00:00:00.115181 nspr-2   VD: VDInit finished with VINF_SUCCESS
00:00:00.115385 nspr-2   ERROR [COM]: aRC=NS_ERROR_FAILURE (0x80004005) aIID={0eb668d2-495e-5a36-8890-29999b5f030c} aComponent={SystemPropertiesWrap} aText={Cannot determine default Guest Additions ISO location. Most likely they are not available}, preserve=false aResultDetail=0
00:00:00.116234 nspr-2   VirtualBox: object created
00:00:08.137729 nspr-2   Failed to open "/dev/vboxdrvu", errno=13, rc=VERR_VM_DRIVER_NOT_ACCESSIBLE
00:00:08.138856 nspr-2   Failed to open "/dev/vboxdrvu", errno=13, rc=VERR_VM_DRIVER_NOT_ACCESSIBLE
00:00:34.312409 nspr-3   Saving settings file "/home/adam/VirtualBox VMs/Linux/Linux.vbox" with version "1.16-linux"
00:00:34.331485 nspr-2   WARNING [COM]: aRC=NS_ERROR_FAILURE (0x80004005) aIID={afca788c-4477-787d-60b2-3fa70e56fbbc} aComponent={HostWrap} aText={VirtualBox is not currently allowed to access USB devices.  You can change this by adding your user to the 'vboxusers' group.  Please see the user manual for a more detailed explanation}, preserve=true  aResultDetail=0
00:00:34.338982 nspr-4   Saving settings file "/home/adam/VirtualBox VMs/Linux/Linux.vbox" with version "1.16-linux"
00:00:34.349567 nspr-4   Saving settings file "/home/adam/.config/VirtualBox/VirtualBox.xml" with version "1.12-linux"
00:00:34.364868 nspr-2   Saving settings file "/home/adam/VirtualBox VMs/Linux/Linux.vbox" with version "1.16-linux"
00:00:34.421538 nspr-2   ERROR [COM]: aRC=NS_ERROR_FAILURE (0x80004005) aIID={85cd948e-a71f-4289-281e-0ca7ad48cd89} aComponent={MachineWrap} aText={This machine does not have any snapshots}, preserve=false aResultDetail=0
00:00:36.834939 nspr-2   Failed to open "/dev/vboxdrvu", errno=13, rc=VERR_VM_DRIVER_NOT_ACCESSIBLE
00:00:36.886307 nspr-2   WARNING [COM]: aRC=NS_ERROR_FAILURE (0x80004005) aIID={afca788c-4477-787d-60b2-3fa70e56fbbc} aComponent={HostWrap} aText={VirtualBox is not currently allowed to access USB devices.  You can change this by adding your user to the 'vboxusers' group.  Please see the user manual for a more detailed explanation}, preserve=true  aResultDetail=0
00:00:37.088826 nspr-2   Failed to open "/dev/vboxdrvu", errno=13, rc=VERR_VM_DRIVER_NOT_ACCESSIBLE
00:00:37.103144 nspr-3   NetIfAdpCtlOut: VBoxNetAdpCtl: Error while retrieving link speed for wlp1s0: VBoxNetAdpCtl: ioctl failed: Operation not supported
00:00:37.109153 nspr-3   NetIfAdpCtlOut: VBoxNetAdpCtl: Error while retrieving link speed for wlp1s0: VBoxNetAdpCtl: ioctl failed: Operation not supported
00:00:37.153037 nspr-3   WARNING [COM]: aRC=NS_ERROR_FAILURE (0x80004005) aIID={afca788c-4477-787d-60b2-3fa70e56fbbc} aComponent={HostWrap} aText={VirtualBox is not currently allowed to access USB devices.  You can change this by adding your user to the 'vboxusers' group.  Please see the user manual for a more detailed explanation}, preserve=true  aResultDetail=0
00:00:37.154692 nspr-3   WARNING [COM]: aRC=NS_ERROR_FAILURE (0x80004005) aIID={afca788c-4477-787d-60b2-3fa70e56fbbc} aComponent={HostWrap} aText={VirtualBox is not currently allowed to access USB devices.  You can change this by adding your user to the 'vboxusers' group.  Please see the user manual for a more detailed explanation}, preserve=true  aResultDetail=0
00:01:11.771058 nspr-2   Saving settings file "/home/adam/.config/VirtualBox/VirtualBox.xml" with version "1.12-linux"
00:01:11.783142 nspr-3   Saving settings file "/home/adam/.config/VirtualBox/VirtualBox.xml" with version "1.12-linux"
00:01:14.116061 nspr-4   ERROR [COM]: aRC=VBOX_E_OBJECT_NOT_FOUND (0x80bb0001) aIID={85cd948e-a71f-4289-281e-0ca7ad48cd89} aComponent={SessionMachine} aText={No storage device attached to device slot 0 on port 0 of controller 'IDE'}, preserve=false aResultDetail=0
00:01:14.147948 nspr-3   WARNING [COM]: aRC=NS_ERROR_FAILURE (0x80004005) aIID={afca788c-4477-787d-60b2-3fa70e56fbbc} aComponent={HostWrap} aText={VirtualBox is not currently allowed to access USB devices.  You can change this by adding your user to the 'vboxusers' group.  Please see the user manual for a more detailed explanation}, preserve=true  aResultDetail=0
00:01:14.151251 nspr-3   Saving settings file "/home/adam/VirtualBox VMs/Linux/Linux.vbox" with version "1.16-linux"
00:01:14.175524 nspr-4   Saving settings file "/home/adam/VirtualBox VMs/Linux/Linux.vbox" with version "1.16-linux"
00:01:15.883095 nspr-5   WARNING [COM]: aRC=NS_ERROR_FAILURE (0x80004005) aIID={afca788c-4477-787d-60b2-3fa70e56fbbc} aComponent={HostWrap} aText={VirtualBox is not currently allowed to access USB devices.  You can change this by adding your user to the 'vboxusers' group.  Please see the user manual for a more detailed explanation}, preserve=true  aResultDetail=0
00:01:15.884691 nspr-6   WARNING [COM]: aRC=NS_ERROR_FAILURE (0x80004005) aIID={afca788c-4477-787d-60b2-3fa70e56fbbc} aComponent={HostWrap} aText={VirtualBox is not currently allowed to access USB devices.  You can change this by adding your user to the 'vboxusers' group.  Please see the user manual for a more detailed explanation}, preserve=true  aResultDetail=0
00:01:15.885245 nspr-6   ERROR [COM]: aRC=VBOX_E_OBJECT_NOT_FOUND (0x80bb0001) aIID={edba9d10-45d8-b440-1712-46ac0c9bc4c5} aComponent={ExtPackManagerWrap} aText={No extension pack by the name 'Oracle VM VirtualBox Extension Pack' was found}, preserve=false aResultDetail=0
00:01:15.937924 nspr-5   WARNING [COM]: aRC=NS_ERROR_FAILURE (0x80004005) aIID={afca788c-4477-787d-60b2-3fa70e56fbbc} aComponent={HostWrap} aText={VirtualBox is not currently allowed to access USB devices.  You can change this by adding your user to the 'vboxusers' group.  Please see the user manual for a more detailed explanation}, preserve=true  aResultDetail=0
00:01:15.939037 nspr-6   WARNING [COM]: aRC=NS_ERROR_FAILURE (0x80004005) aIID={afca788c-4477-787d-60b2-3fa70e56fbbc} aComponent={HostWrap} aText={VirtualBox is not currently allowed to access USB devices.  You can change this by adding your user to the 'vboxusers' group.  Please see the user manual for a more detailed explanation}, preserve=true  aResultDetail=0
00:01:15.955667 nspr-6   ERROR [COM]: aRC=VBOX_E_IPRT_ERROR (0x80bb0005) aIID={85cd948e-a71f-4289-281e-0ca7ad48cd89} aComponent={SessionMachine} aText={Saved screenshot data is not available (VERR_NOT_SUPPORTED)}, preserve=false aResultDetail=0
00:01:15.976110 nspr-5   NetIfAdpCtlOut: VBoxNetAdpCtl: Error while retrieving link speed for wlp1s0: VBoxNetAdpCtl: ioctl failed: Operation not supported
00:01:16.070860 nspr-2   Failed to open "/dev/vboxdrvu", errno=13, rc=VERR_VM_DRIVER_NOT_ACCESSIBLE
00:01:16.083503 nspr-6   WARNING [COM]: aRC=NS_ERROR_FAILURE (0x80004005) aIID={afca788c-4477-787d-60b2-3fa70e56fbbc} aComponent={HostWrap} aText={VirtualBox is not currently allowed to access USB devices.  You can change this by adding your user to the 'vboxusers' group.  Please see the user manual for a more detailed explanation}, preserve=true  aResultDetail=0
00:01:27.072650 nspr-3   Saving settings file "/home/adam/.config/VirtualBox/VirtualBox.xml" with version "1.12-linux"
00:01:27.118502 nspr-2   Saving settings file "/home/adam/VirtualBox VMs/Linux/Linux.vbox" with version "1.16-linux"
00:01:27.171036 nspr-2   ERROR [COM]: aRC=VBOX_E_IPRT_ERROR (0x80bb0005) aIID={85cd948e-a71f-4289-281e-0ca7ad48cd89} aComponent={SessionMachine} aText={Saved screenshot data is not available (VERR_NOT_SUPPORTED)}, preserve=false aResultDetail=0
00:01:31.817108 nspr-2   Saving settings file "/home/adam/VirtualBox VMs/Linux/Linux.vbox" with version "1.16-linux"
00:02:49.624964 nspr-4   Saving settings file "/home/adam/VirtualBox VMs/Linux/Linux.vbox" with version "1.16-linux"
00:02:49.730689 nspr-7   Saving settings file "/home/adam/VirtualBox VMs/Linux/Linux.vbox" with version "1.16-linux"
00:02:50.326774 nspr-3   Saving settings file "/home/adam/VirtualBox VMs/Linux/Linux.vbox" with version "1.16-linux"
00:02:50.346751 nspr-8   Saving settings file "/home/adam/VirtualBox VMs/Linux/Linux.vbox" with version "1.16-linux"
00:02:52.339692 nspr-3   Saving settings file "/home/adam/.config/VirtualBox/VirtualBox.xml" with version "1.12-linux"
00:02:52.356368 nspr-4   Saving settings file "/home/adam/.config/VirtualBox/VirtualBox.xml" with version "1.12-linux"
00:02:52.371369 nspr-2   Saving settings file "/home/adam/.config/VirtualBox/VirtualBox.xml" with version "1.12-linux"
00:02:52.409439 nspr-5   Saving settings file "/home/adam/.config/VirtualBox/VirtualBox.xml" with version "1.12-linux"
00:02:52.420767 nspr-3   Saving settings file "/home/adam/.config/VirtualBox/VirtualBox.xml" with version "1.12-linux"
00:02:57.949753 main     VirtualBox: object deletion starts
00:02:57.949824 main     ERROR [COM]: aRC=VBOX_E_OBJECT_IN_USE (0x80bb000c) aIID={4afe423b-43e0-e9d0-82e8-ceb307940dda} aComponent={MediumWrap} aText={Medium '/home/adam/VirtualBox VMs/Linux/Linux.vdi' cannot be closed because it is still attached to 1 virtual machines}, preserve=false aResultDetail=0
00:02:58.237681 Watcher  ERROR [COM]: aRC=E_ACCESSDENIED (0x80070005) aIID={9570b9d5-f1a1-448a-10c5-e12f5285adad} aComponent={VirtualBoxWrap} aText={The object is not ready}, preserve=false aResultDetail=0
00:03:02.950467 main     {00007f599c015230} HostPowerServiceLinux::~HostPowerServiceLinux: RTThreadWait() for 5000 ms failed with VERR_TIMEOUT
00:03:02.951151 main     VirtualBox: object deleted
